<?xml version="1.0" encoding="UTF-8"?>
<!-- Generated by org.testng.reporters.JUnitXMLReporter -->
<testsuite ignored="0" hostname="EGCA1-0091" failures="0" tests="9" name="Default test" time="64.724" errors="0" timestamp="2022-01-09T09:52:04 EET">
  <testcase classname="start.Start" name="startApplication" time="10.1"/>
  <testcase classname="start.Start" name="login" time="5.568"/>
  <testcase classname="start.Start" name="chooseAllProducts" time="5.562"/>
  <testcase classname="start.Start" name="clickToPay" time="5.12"/>
  <testcase classname="start.Start" name="clickToCheckout" time="5.184"/>
  <testcase classname="start.Start" name="Checkout" time="5.568"/>
  <testcase classname="start.Start" name="finalizeCheckout" time="5.097"/>
  <testcase classname="start.Start" name="returnToHomePage" time="5.331"/>
  <testcase classname="start.Start" name="logout" time="10.139"/>
</testsuite> <!-- Default test -->
