<?xml version="1.0" encoding="UTF-8"?>
<!-- Generated by org.testng.reporters.JUnitXMLReporter -->
<testsuite ignored="0" hostname="EGCA1-0091" failures="0" tests="9" name="Test" time="103.782" errors="0" timestamp="2022-01-09T02:30:14 EET">
  <testcase classname="start.Start" name="startApplication" time="13.172"/>
  <testcase classname="start.Start" name="login" time="10.343"/>
  <testcase classname="start.Start" name="chooseAllProducts" time="10.373"/>
  <testcase classname="start.Start" name="clickToPay" time="10.069"/>
  <testcase classname="start.Start" name="clickToCheckout" time="10.091"/>
  <testcase classname="start.Start" name="Checkout" time="10.348"/>
  <testcase classname="start.Start" name="finalizeCheckout" time="10.063"/>
  <testcase classname="start.Start" name="returnToHomePage" time="10.095"/>
  <testcase classname="start.Start" name="logout" time="15.106"/>
</testsuite> <!-- Test -->
