<?xml version="1.0" encoding="UTF-8"?>
<!-- Generated by org.testng.reporters.JUnitXMLReporter -->
<testsuite ignored="0" hostname="EGCA1-0091" failures="0" tests="9" name="Test E2E to Swag Labs Web Application" time="43.197" errors="0" timestamp="2022-07-27T09:38:00 EET">
  <testcase classname="test_cases.TestBase" name="startApplication" time="11.776"/>
  <testcase classname="test_cases.TestBase" name="login" time="1.219"/>
  <testcase classname="test_cases.E2E_Testcase001_PurchasingAllProducts" name="chooseAllProducts" time="3.27"/>
  <testcase classname="test_cases.E2E_Testcase001_PurchasingAllProducts" name="clickToPay" time="2.443"/>
  <testcase classname="test_cases.E2E_Testcase001_PurchasingAllProducts" name="clickToCheckout" time="2.222"/>
  <testcase classname="test_cases.E2E_Testcase001_PurchasingAllProducts" name="Checkout" time="2.929"/>
  <testcase classname="test_cases.E2E_Testcase001_PurchasingAllProducts" name="finalizeCheckout" time="2.593"/>
  <testcase classname="test_cases.E2E_Testcase001_PurchasingAllProducts" name="returnToHomePage" time="2.993"/>
  <testcase classname="test_cases.E2E_Testcase001_PurchasingAllProducts" name="logout" time="4.469"/>
</testsuite> <!-- Test E2E to Swag Labs Web Application -->
